mode: set
github.com/litmuschaos/litmus/chaoscenter/authentication/pkg/utils/common.go:11.41,16.16 5 0
github.com/litmuschaos/litmus/chaoscenter/authentication/pkg/utils/common.go:16.16,19.3 2 0
github.com/litmuschaos/litmus/chaoscenter/authentication/pkg/utils/common.go:20.2,20.25 1 0
github.com/litmuschaos/litmus/chaoscenter/authentication/pkg/utils/common.go:23.57,24.83 1 0
github.com/litmuschaos/litmus/chaoscenter/authentication/pkg/utils/common.go:24.83,25.68 1 0
github.com/litmuschaos/litmus/chaoscenter/authentication/pkg/utils/common.go:25.68,27.4 1 0
github.com/litmuschaos/litmus/chaoscenter/authentication/pkg/utils/common.go:28.3,28.37 1 0
github.com/litmuschaos/litmus/chaoscenter/authentication/pkg/utils/common.go:30.2,30.16 1 0
github.com/litmuschaos/litmus/chaoscenter/authentication/pkg/utils/common.go:30.16,32.3 1 0
github.com/litmuschaos/litmus/chaoscenter/authentication/pkg/utils/common.go:33.2,33.61 1 0
github.com/litmuschaos/litmus/chaoscenter/authentication/pkg/utils/common.go:33.61,35.3 1 0
github.com/litmuschaos/litmus/chaoscenter/authentication/pkg/utils/common.go:36.2,36.18 1 0
github.com/litmuschaos/litmus/chaoscenter/authentication/pkg/utils/configs.go:38.51,40.54 2 1
github.com/litmuschaos/litmus/chaoscenter/authentication/pkg/utils/configs.go:40.54,42.3 1 1
github.com/litmuschaos/litmus/chaoscenter/authentication/pkg/utils/configs.go:43.2,43.19 1 1
github.com/litmuschaos/litmus/chaoscenter/authentication/pkg/utils/configs.go:46.54,48.62 2 1
github.com/litmuschaos/litmus/chaoscenter/authentication/pkg/utils/configs.go:48.62,50.3 1 1
github.com/litmuschaos/litmus/chaoscenter/authentication/pkg/utils/configs.go:51.2,51.19 1 1
github.com/litmuschaos/litmus/chaoscenter/authentication/pkg/utils/grpc.go:14.93,18.33 3 0
github.com/litmuschaos/litmus/chaoscenter/authentication/pkg/utils/grpc.go:18.33,20.3 1 0
github.com/litmuschaos/litmus/chaoscenter/authentication/pkg/utils/grpc.go:21.2,21.29 1 0
github.com/litmuschaos/litmus/chaoscenter/authentication/pkg/utils/grpc.go:21.29,23.3 1 0
github.com/litmuschaos/litmus/chaoscenter/authentication/pkg/utils/grpc.go:25.2,26.16 2 0
github.com/litmuschaos/litmus/chaoscenter/authentication/pkg/utils/grpc.go:26.16,28.3 1 0
github.com/litmuschaos/litmus/chaoscenter/authentication/pkg/utils/grpc.go:30.2,30.43 1 0
github.com/litmuschaos/litmus/chaoscenter/authentication/pkg/utils/grpc.go:34.115,43.2 2 0
github.com/litmuschaos/litmus/chaoscenter/authentication/pkg/utils/mongo_database.go:15.47,22.16 4 0
github.com/litmuschaos/litmus/chaoscenter/authentication/pkg/utils/mongo_database.go:22.16,24.3 1 0
github.com/litmuschaos/litmus/chaoscenter/authentication/pkg/utils/mongo_database.go:26.2,26.20 1 0
github.com/litmuschaos/litmus/chaoscenter/authentication/pkg/utils/mongo_database.go:30.81,39.16 6 0
github.com/litmuschaos/litmus/chaoscenter/authentication/pkg/utils/mongo_database.go:39.16,42.3 2 0
github.com/litmuschaos/litmus/chaoscenter/authentication/pkg/utils/mongo_database.go:43.2,43.12 1 0
github.com/litmuschaos/litmus/chaoscenter/authentication/pkg/utils/mongo_database.go:47.70,57.16 6 0
github.com/litmuschaos/litmus/chaoscenter/authentication/pkg/utils/mongo_database.go:57.16,60.3 2 0
github.com/litmuschaos/litmus/chaoscenter/authentication/pkg/utils/mongo_database.go:61.2,61.12 1 0
github.com/litmuschaos/litmus/chaoscenter/authentication/pkg/utils/mongo_database.go:65.72,70.16 4 0
github.com/litmuschaos/litmus/chaoscenter/authentication/pkg/utils/mongo_database.go:70.16,71.54 1 0
github.com/litmuschaos/litmus/chaoscenter/authentication/pkg/utils/mongo_database.go:71.54,74.4 2 0
github.com/litmuschaos/litmus/chaoscenter/authentication/pkg/utils/mongo_database.go:74.9,76.4 1 0
github.com/litmuschaos/litmus/chaoscenter/authentication/pkg/utils/mongo_database.go:79.2,80.12 2 0
github.com/litmuschaos/litmus/chaoscenter/authentication/pkg/utils/sanitizers.go:10.42,12.2 1 0
github.com/litmuschaos/litmus/chaoscenter/authentication/pkg/utils/sanitizers.go:22.49,23.20 1 0
github.com/litmuschaos/litmus/chaoscenter/authentication/pkg/utils/sanitizers.go:23.20,25.3 1 0
github.com/litmuschaos/litmus/chaoscenter/authentication/pkg/utils/sanitizers.go:26.2,30.67 5 0
github.com/litmuschaos/litmus/chaoscenter/authentication/pkg/utils/sanitizers.go:30.67,32.3 1 0
github.com/litmuschaos/litmus/chaoscenter/authentication/pkg/utils/sanitizers.go:33.2,33.75 1 0
github.com/litmuschaos/litmus/chaoscenter/authentication/pkg/utils/sanitizers.go:33.75,35.3 1 0
github.com/litmuschaos/litmus/chaoscenter/authentication/pkg/utils/sanitizers.go:36.2,36.77 1 0
github.com/litmuschaos/litmus/chaoscenter/authentication/pkg/utils/sanitizers.go:36.77,38.3 1 0
github.com/litmuschaos/litmus/chaoscenter/authentication/pkg/utils/sanitizers.go:39.2,39.78 1 0
github.com/litmuschaos/litmus/chaoscenter/authentication/pkg/utils/sanitizers.go:39.78,41.3 1 0
github.com/litmuschaos/litmus/chaoscenter/authentication/pkg/utils/sanitizers.go:42.2,42.12 1 0
