mode: set
github.com/litmuschaos/litmus/chaoscenter/authentication/api/middleware/jwt_middlware.go:13.73,14.30 1 1
github.com/litmuschaos/litmus/chaoscenter/authentication/api/middleware/jwt_middlware.go:14.30,17.23 3 1
github.com/litmuschaos/litmus/chaoscenter/authentication/api/middleware/jwt_middlware.go:17.23,20.4 2 1
github.com/litmuschaos/litmus/chaoscenter/authentication/api/middleware/jwt_middlware.go:21.3,23.17 3 0
github.com/litmuschaos/litmus/chaoscenter/authentication/api/middleware/jwt_middlware.go:23.17,27.4 3 0
github.com/litmuschaos/litmus/chaoscenter/authentication/api/middleware/jwt_middlware.go:28.3,28.18 1 0
github.com/litmuschaos/litmus/chaoscenter/authentication/api/middleware/jwt_middlware.go:28.18,34.4 5 0
github.com/litmuschaos/litmus/chaoscenter/authentication/api/middleware/jwt_middlware.go:34.9,37.4 2 0
